<?xml version="1.0" encoding="UTF-8"?>
<testsuite xmlns:xsi="http://www.w3.org/2001/XMLSchema-instance" xsi:noNamespaceSchemaLocation="https://maven.apache.org/surefire/maven-surefire-plugin/xsd/surefire-test-report.xsd" version="3.0.2" name="com.inditex.site.SiteApplicationTests" time="11.86" tests="1" errors="0" skipped="0" failures="0">
  <properties>
[...]
</properties>
  <testcase name="contextLoads" classname="com.inditex.site.SiteApplicationTests" time="1.551">
    <system-out><![CDATA[08:24:11.102 [main] INFO org.springframework.test.context.support.AnnotationConfigContextLoaderUtils -- Could not detect default configuration classes for test class [com.inditex.site.SiteApplicationTests]: SiteApplicationTests does not declare any static, non-private, non-final, nested classes annotated with @Configuration.
08:24:11.305 [main] INFO org.springframework.boot.test.context.SpringBootTestContextBootstrapper -- Found @SpringBootConfiguration com.inditex.site.SiteApplication for test class com.inditex.site.SiteApplicationTests

  .   ____          _            __ _ _
 /\\ / ___'_ __ _ _(_)_ __  __ _ \ \ \ \
( ( )\___ | '_ | '_| | '_ \/ _` | \ \ \ \
 \\/  ___)| |_)| | | | | || (_| |  ) ) ) )
  '  |____| .__|_| |_|_| |_\__, | / / / /
 =========|_|==============|___/=/_/_/_/

 :: Spring Boot ::                (v4.0.0)

2025-12-10T08:24:11.964+01:00  INFO 19311 --- [site] [           main] com.inditex.site.SiteApplicationTests    : Starting SiteApplicationTests using Java 21.0.9 with PID 19311 (started by jarvis in /home/jarvis/Documentos/site)
2025-12-10T08:24:11.966+01:00  INFO 19311 --- [site] [           main] com.inditex.site.SiteApplicationTests    : No active profile set, falling back to 1 default profile: "default"
2025-12-10T08:24:19.472+01:00  INFO 19311 --- [site] [           main] o.s.b.a.e.web.EndpointLinksResolver      : Exposing 3 endpoints beneath base path '/actuator'
2025-12-10T08:24:20.740+01:00  WARN 19311 --- [site] [           main] i.m.c.i.b.cache.CaffeineCacheMetrics     : The cache 'productById' is not recording statistics. No meters except 'cache.size' will be registered. Call 'Caffeine#recordStats()' prior to building the cache for metrics to be recorded.
2025-12-10T08:24:20.751+01:00  WARN 19311 --- [site] [           main] i.m.c.i.b.cache.CaffeineCacheMetrics     : The cache 'similarIds' is not recording statistics. No meters except 'cache.size' will be registered. Call 'Caffeine#recordStats()' prior to building the cache for metrics to be recorded.
2025-12-10T08:24:21.071+01:00  INFO 19311 --- [site] [           main] com.inditex.site.SiteApplicationTests    : Started SiteApplicationTests in 9.558 seconds (process running for 12.13)
2025-12-10T08:24:21.076+01:00  WARN 19311 --- [site] [           main] o.s.core.events.SpringDocAppInitializer  : SpringDoc /v3/api-docs endpoint is enabled by default. To disable it in production, set the property 'springdoc.api-docs.enabled=false'
2025-12-10T08:24:21.076+01:00  WARN 19311 --- [site] [           main] o.s.core.events.SpringDocAppInitializer  : SpringDoc /swagger-ui.html endpoint is enabled by default. To disable it in production, set the property 'springdoc.swagger-ui.enabled=false'
]]></system-out>
    <system-err><![CDATA[Mockito is currently self-attaching to enable the inline-mock-maker. This will no longer work in future releases of the JDK. Please add Mockito as an agent to your build as described in Mockito's documentation: https://javadoc.io/doc/org.mockito/mockito-core/latest/org.mockito/org/mockito/Mockito.html#0.3
WARNING: A Java agent has been loaded dynamically (/home/jarvis/.m2/repository/net/bytebuddy/byte-buddy-agent/1.17.8/byte-buddy-agent-1.17.8.jar)
WARNING: If a serviceability tool is in use, please run with -XX:+EnableDynamicAgentLoading to hide this warning
WARNING: If a serviceability tool is not in use, please run with -Djdk.instrument.traceUsage for more information
WARNING: Dynamic loading of agents will be disallowed by default in a future release
]]></system-err>
  </testcase>
</testsuite>